2018-10-03 11:18:28 16916 [Note] Plugin 'FEDERATED' is disabled.
2018-10-03 11:18:28 4058 InnoDB: Warning: Using innodb_additional_mem_pool_size is DEPRECATED. This option may be removed in future releases, together with the option innodb_use_sys_malloc and with the InnoDB's internal memory allocator.
2018-10-03 11:18:28 16916 [Note] InnoDB: Using atomics to ref count buffer pool pages
2018-10-03 11:18:28 16916 [Note] InnoDB: The InnoDB memory heap is disabled
2018-10-03 11:18:28 16916 [Note] InnoDB: Mutexes and rw_locks use Windows interlocked functions
2018-10-03 11:18:28 16916 [Note] InnoDB: Memory barrier is not used
2018-10-03 11:18:28 16916 [Note] InnoDB: Compressed tables use zlib 1.2.3
2018-10-03 11:18:28 16916 [Note] InnoDB: Not using CPU crc32 instructions
2018-10-03 11:18:28 16916 [Note] InnoDB: Initializing buffer pool, size = 43.0M
2018-10-03 11:18:28 16916 [Note] InnoDB: Completed initialization of buffer pool
2018-10-03 11:18:28 16916 [Note] InnoDB: Highest supported file format is Barracuda.
2018-10-03 11:18:28 16916 [Note] InnoDB: 128 rollback segment(s) are active.
2018-10-03 11:18:28 16916 [Note] InnoDB: Waiting for purge to start
2018-10-03 11:18:28 16916 [Note] InnoDB: 5.6.22 started; log sequence number 26830127
2018-10-03 11:18:28 16916 [Note] Server hostname (bind-address): '*'; port: 3380
2018-10-03 11:18:28 16916 [Note] IPv6 is available.
2018-10-03 11:18:28 16916 [Note]   - '::' resolves to '::';
2018-10-03 11:18:28 16916 [Note] Server socket created on IP: '::'.
2018-10-03 11:18:28 16916 [Note] Event Scheduler: Loaded 0 events
2018-10-03 11:18:28 16916 [Note] C:\taotao\mysql\3380\bin\mysqld.exe: ready for connections.
Version: '5.6.22-log'  socket: ''  port: 3380  MySQL Community Server (GPL)
2018-10-03 13:46:29 16916 [Note] C:\taotao\mysql\3380\bin\mysqld.exe: Normal shutdown

2018-10-03 13:46:30 16916 [Note] Giving 2 client threads a chance to die gracefully
2018-10-03 13:46:30 16916 [Note] Event Scheduler: Purging the queue. 0 events
2018-10-03 13:46:30 16916 [Note] Shutting down slave threads
2018-10-03 13:46:32 16916 [Note] Forcefully disconnecting 2 remaining clients
2018-10-03 13:46:32 16916 [Warning] C:\taotao\mysql\3380\bin\mysqld.exe: Forcing close of thread 4  user: 'root'

2018-10-03 13:46:32 16916 [Warning] C:\taotao\mysql\3380\bin\mysqld.exe: Forcing close of thread 5  user: 'root'

2018-10-03 13:46:32 16916 [Note] Binlog end
2018-10-03 13:46:32 16916 [Note] Shutting down plugin 'partition'
2018-10-03 13:46:32 16916 [Note] Shutting down plugin 'PERFORMANCE_SCHEMA'
2018-10-03 13:46:32 16916 [Note] Shutting down plugin 'INNODB_SYS_DATAFILES'
2018-10-03 13:46:32 16916 [Note] Shutting down plugin 'INNODB_SYS_TABLESPACES'
2018-10-03 13:46:32 16916 [Note] Shutting down plugin 'INNODB_SYS_FOREIGN_COLS'
2018-10-03 13:46:32 16916 [Note] Shutting down plugin 'INNODB_SYS_FOREIGN'
2018-10-03 13:46:32 16916 [Note] Shutting down plugin 'INNODB_SYS_FIELDS'
2018-10-03 13:46:32 16916 [Note] Shutting down plugin 'INNODB_SYS_COLUMNS'
2018-10-03 13:46:32 16916 [Note] Shutting down plugin 'INNODB_SYS_INDEXES'
2018-10-03 13:46:32 16916 [Note] Shutting down plugin 'INNODB_SYS_TABLESTATS'
2018-10-03 13:46:32 16916 [Note] Shutting down plugin 'INNODB_SYS_TABLES'
2018-10-03 13:46:32 16916 [Note] Shutting down plugin 'INNODB_FT_INDEX_TABLE'
2018-10-03 13:46:32 16916 [Note] Shutting down plugin 'INNODB_FT_INDEX_CACHE'
2018-10-03 13:46:32 16916 [Note] Shutting down plugin 'INNODB_FT_CONFIG'
2018-10-03 13:46:32 16916 [Note] Shutting down plugin 'INNODB_FT_BEING_DELETED'
2018-10-03 13:46:32 16916 [Note] Shutting down plugin 'INNODB_FT_DELETED'
2018-10-03 13:46:32 16916 [Note] Shutting down plugin 'INNODB_FT_DEFAULT_STOPWORD'
2018-10-03 13:46:32 16916 [Note] Shutting down plugin 'INNODB_METRICS'
2018-10-03 13:46:32 16916 [Note] Shutting down plugin 'INNODB_BUFFER_POOL_STATS'
2018-10-03 13:46:32 16916 [Note] Shutting down plugin 'INNODB_BUFFER_PAGE_LRU'
2018-10-03 13:46:32 16916 [Note] Shutting down plugin 'INNODB_BUFFER_PAGE'
2018-10-03 13:46:32 16916 [Note] Shutting down plugin 'INNODB_CMP_PER_INDEX_RESET'
2018-10-03 13:46:32 16916 [Note] Shutting down plugin 'INNODB_CMP_PER_INDEX'
2018-10-03 13:46:32 16916 [Note] Shutting down plugin 'INNODB_CMPMEM_RESET'
2018-10-03 13:46:32 16916 [Note] Shutting down plugin 'INNODB_CMPMEM'
2018-10-03 13:46:32 16916 [Note] Shutting down plugin 'INNODB_CMP_RESET'
2018-10-03 13:46:32 16916 [Note] Shutting down plugin 'INNODB_CMP'
2018-10-03 13:46:32 16916 [Note] Shutting down plugin 'INNODB_LOCK_WAITS'
2018-10-03 13:46:32 16916 [Note] Shutting down plugin 'INNODB_LOCKS'
2018-10-03 13:46:32 16916 [Note] Shutting down plugin 'INNODB_TRX'
2018-10-03 13:46:32 16916 [Note] Shutting down plugin 'InnoDB'
2018-10-03 13:46:32 16916 [Note] InnoDB: FTS optimize thread exiting.
2018-10-03 13:46:32 16916 [Note] InnoDB: Starting shutdown...
2018-10-03 13:46:33 16916 [Note] InnoDB: Shutdown completed; log sequence number 26830137
2018-10-03 13:46:33 16916 [Note] Shutting down plugin 'BLACKHOLE'
2018-10-03 13:46:33 16916 [Note] Shutting down plugin 'ARCHIVE'
2018-10-03 13:46:33 16916 [Note] Shutting down plugin 'MRG_MYISAM'
2018-10-03 13:46:33 16916 [Note] Shutting down plugin 'MyISAM'
2018-10-03 13:46:33 16916 [Note] Shutting down plugin 'MEMORY'
2018-10-03 13:46:33 16916 [Note] Shutting down plugin 'CSV'
2018-10-03 13:46:33 16916 [Note] Shutting down plugin 'sha256_password'
2018-10-03 13:46:33 16916 [Note] Shutting down plugin 'mysql_old_password'
2018-10-03 13:46:33 16916 [Note] Shutting down plugin 'mysql_native_password'
2018-10-03 13:46:33 16916 [Note] Shutting down plugin 'binlog'
2018-10-03 13:46:33 16916 [Note] C:\taotao\mysql\3380\bin\mysqld.exe: Shutdown complete

2018-10-03 13:46:35 20308 [Note] Plugin 'FEDERATED' is disabled.
2018-10-03 13:46:35 1120 InnoDB: Warning: Using innodb_additional_mem_pool_size is DEPRECATED. This option may be removed in future releases, together with the option innodb_use_sys_malloc and with the InnoDB's internal memory allocator.
2018-10-03 13:46:35 20308 [Note] InnoDB: Using atomics to ref count buffer pool pages
2018-10-03 13:46:35 20308 [Note] InnoDB: The InnoDB memory heap is disabled
2018-10-03 13:46:35 20308 [Note] InnoDB: Mutexes and rw_locks use Windows interlocked functions
2018-10-03 13:46:35 20308 [Note] InnoDB: Memory barrier is not used
2018-10-03 13:46:35 20308 [Note] InnoDB: Compressed tables use zlib 1.2.3
2018-10-03 13:46:35 20308 [Note] InnoDB: Not using CPU crc32 instructions
2018-10-03 13:46:35 20308 [Note] InnoDB: Initializing buffer pool, size = 43.0M
2018-10-03 13:46:35 20308 [Note] InnoDB: Completed initialization of buffer pool
2018-10-03 13:46:35 20308 [Note] InnoDB: Highest supported file format is Barracuda.
2018-10-03 13:46:35 20308 [Note] InnoDB: 128 rollback segment(s) are active.
2018-10-03 13:46:35 20308 [Note] InnoDB: Waiting for purge to start
2018-10-03 13:46:35 20308 [Note] InnoDB: 5.6.22 started; log sequence number 26830137
2018-10-03 13:46:35 20308 [Note] Server hostname (bind-address): '*'; port: 3380
2018-10-03 13:46:35 20308 [Note] IPv6 is available.
2018-10-03 13:46:35 20308 [Note]   - '::' resolves to '::';
2018-10-03 13:46:35 20308 [Note] Server socket created on IP: '::'.
2018-10-03 13:46:35 20308 [Note] Event Scheduler: Loaded 0 events
2018-10-03 13:46:35 20308 [Note] C:\taotao\mysql\3380\bin\mysqld.exe: ready for connections.
Version: '5.6.22-log'  socket: ''  port: 3380  MySQL Community Server (GPL)
